*** Start analyzing build configuration ***
INFO: Auto-config - Scanning: C:\Users\maksw\OneDrive\Dokumenty\GitHub\Projetk_Cyfr-wka_Terraria_Gra
INFO: Auto-config - VLOG: C:\Users\maksw\OneDrive\Dokumenty\GitHub\Projetk_Cyfr-wka_Terraria_Gra
INFO: Auto-config - VHDL: C:\Users\maksw\OneDrive\Dokumenty\GitHub\Projetk_Cyfr-wka_Terraria_Gra
INFO: Auto-config - Wrote:
    .dvt\default.build.auto.1
*** List of included argument files ***
    Build configuration file:  C:\Users\maksw\OneDrive\Dokumenty\GitHub\Projetk_Cyfr-wka_Terraria_Gra\.dvt\default.build
    -f c:\Users\maksw\OneDrive\Dokumenty\GitHub\Projetk_Cyfr-wka_Terraria_Gra\.dvt\default.build.auto.1
*** List of invocations ***
Invocation #1 +dvt_init+dvt in c:\Users\maksw\OneDrive\Dokumenty\GitHub\Projetk_Cyfr-wka_Terraria_Gra\.dvt\default.build.auto.1 at line 9
*** Done analyzing build configuration [615 ms] ***

*** Start VHDL build ***
*** Done parsing [318 ms] ***
*** Total number of lines [0] ***
Performing post full build step 1 (VHDL - RU) [20 ms] ...
*** Files summary [0 total, 0 unique] ***
*** Done VHDL build [338 ms] ***

*** Start SystemVerilog build ***
*** Invocation #1***
Loading (1) C:\Users\maksw\OneDrive\Dokumenty\GitHub\Projetk_Cyfr-wka_Terraria_Gra\fpga\rtl\top_vga_basys3.sv ...
Done C:\Users\maksw\OneDrive\Dokumenty\GitHub\Projetk_Cyfr-wka_Terraria_Gra\fpga\rtl\top_vga_basys3.sv [28 ms, 104 lines, SystemVerilog_2012] ...
Loading (2) C:\Users\maksw\OneDrive\Dokumenty\GitHub\Projetk_Cyfr-wka_Terraria_Gra\rtl\boss.sv ...
Done C:\Users\maksw\OneDrive\Dokumenty\GitHub\Projetk_Cyfr-wka_Terraria_Gra\rtl\boss.sv [3 ms, 39 lines, SystemVerilog_2012] ...
Loading (3) C:\Users\maksw\OneDrive\Dokumenty\GitHub\Projetk_Cyfr-wka_Terraria_Gra\rtl\char.sv ...
Done C:\Users\maksw\OneDrive\Dokumenty\GitHub\Projetk_Cyfr-wka_Terraria_Gra\rtl\char.sv [4 ms, 53 lines, SystemVerilog_2012] ...
Loading (4) C:\Users\maksw\OneDrive\Dokumenty\GitHub\Projetk_Cyfr-wka_Terraria_Gra\rtl\clk_wiz_0_clk_wiz.v ...
Done C:\Users\maksw\OneDrive\Dokumenty\GitHub\Projetk_Cyfr-wka_Terraria_Gra\rtl\clk_wiz_0_clk_wiz.v [28 ms, 232 lines, Verilog_2001] ...
Loading (5) C:\Users\maksw\OneDrive\Dokumenty\GitHub\Projetk_Cyfr-wka_Terraria_Gra\rtl\top_vga.sv ...
Done C:\Users\maksw\OneDrive\Dokumenty\GitHub\Projetk_Cyfr-wka_Terraria_Gra\rtl\top_vga.sv [8 ms, 150 lines, SystemVerilog_2012] ...
Loading (6) C:\Users\maksw\OneDrive\Dokumenty\GitHub\Projetk_Cyfr-wka_Terraria_Gra\rtl\vga_if.sv ...
Done C:\Users\maksw\OneDrive\Dokumenty\GitHub\Projetk_Cyfr-wka_Terraria_Gra\rtl\vga_if.sv [6 ms, 16 lines, SystemVerilog_2012] ...
Loading (7) C:\Users\maksw\OneDrive\Dokumenty\GitHub\Projetk_Cyfr-wka_Terraria_Gra\sim\common\tiff_writer.sv ...
Done C:\Users\maksw\OneDrive\Dokumenty\GitHub\Projetk_Cyfr-wka_Terraria_Gra\sim\common\tiff_writer.sv [43 ms, 405 lines, SystemVerilog_2012] ...
Loading (8) C:\Users\maksw\OneDrive\Dokumenty\GitHub\Projetk_Cyfr-wka_Terraria_Gra\sim\top_fpga\top_fpga_tb.sv ...
Done C:\Users\maksw\OneDrive\Dokumenty\GitHub\Projetk_Cyfr-wka_Terraria_Gra\sim\top_fpga\top_fpga_tb.sv [5 ms, 106 lines, SystemVerilog_2012] ...
Loading (9) C:\Users\maksw\OneDrive\Dokumenty\GitHub\Projetk_Cyfr-wka_Terraria_Gra\sim\top_vga\top_vga_tb.sv ...
Done C:\Users\maksw\OneDrive\Dokumenty\GitHub\Projetk_Cyfr-wka_Terraria_Gra\sim\top_vga\top_vga_tb.sv [4 ms, 104 lines, SystemVerilog_2012] ...
Loading (10) C:\Users\maksw\OneDrive\Dokumenty\GitHub\Projetk_Cyfr-wka_Terraria_Gra\rtl\vga_pkg.sv ...
Done C:\Users\maksw\OneDrive\Dokumenty\GitHub\Projetk_Cyfr-wka_Terraria_Gra\rtl\vga_pkg.sv [3 ms, 33 lines, SystemVerilog_2012] ...
Loading (11) C:\Users\maksw\OneDrive\Dokumenty\GitHub\Projetk_Cyfr-wka_Terraria_Gra\sim\vga_timing\vga_timing_tb.sv ...
Done C:\Users\maksw\OneDrive\Dokumenty\GitHub\Projetk_Cyfr-wka_Terraria_Gra\sim\vga_timing\vga_timing_tb.sv [9 ms, 121 lines, SystemVerilog_2012] ...
Loading (12) C:\Users\maksw\OneDrive\Dokumenty\GitHub\Projetk_Cyfr-wka_Terraria_Gra\rtl\vga_timing.sv ...
Done C:\Users\maksw\OneDrive\Dokumenty\GitHub\Projetk_Cyfr-wka_Terraria_Gra\rtl\vga_timing.sv [4 ms, 96 lines, SystemVerilog_2012] ...
Loading (13) C:\Users\maksw\OneDrive\Dokumenty\GitHub\Projetk_Cyfr-wka_Terraria_Gra\rtl\platform.sv ...
Done C:\Users\maksw\OneDrive\Dokumenty\GitHub\Projetk_Cyfr-wka_Terraria_Gra\rtl\platform.sv [9 ms, 104 lines, SystemVerilog_2012] ...
Loading (14) C:\Users\maksw\OneDrive\Dokumenty\GitHub\Projetk_Cyfr-wka_Terraria_Gra\rtl\hearts_display.sv ...
Done C:\Users\maksw\OneDrive\Dokumenty\GitHub\Projetk_Cyfr-wka_Terraria_Gra\rtl\hearts_display.sv [5 ms, 65 lines, SystemVerilog_2012] ...
Loading (15) C:\Users\maksw\OneDrive\Dokumenty\GitHub\Projetk_Cyfr-wka_Terraria_Gra\rtl\draw_bg.sv ...
Done C:\Users\maksw\OneDrive\Dokumenty\GitHub\Projetk_Cyfr-wka_Terraria_Gra\rtl\draw_bg.sv [12 ms, 149 lines, SystemVerilog_2012] ...
Loading (16) C:\Users\maksw\OneDrive\Dokumenty\GitHub\Projetk_Cyfr-wka_Terraria_Gra\rtl\char_draw.sv ...
Done C:\Users\maksw\OneDrive\Dokumenty\GitHub\Projetk_Cyfr-wka_Terraria_Gra\rtl\char_draw.sv [5 ms, 75 lines, SystemVerilog_2012] ...
Loading (17) C:\Users\maksw\OneDrive\Dokumenty\GitHub\Projetk_Cyfr-wka_Terraria_Gra\rtl\char_ctrl.sv ...
Done C:\Users\maksw\OneDrive\Dokumenty\GitHub\Projetk_Cyfr-wka_Terraria_Gra\rtl\char_ctrl.sv [5 ms, 93 lines, SystemVerilog_2012] ...
Loading (18) C:\Users\maksw\OneDrive\Dokumenty\GitHub\Projetk_Cyfr-wka_Terraria_Gra\rtl\boss_draw.sv ...
Done C:\Users\maksw\OneDrive\Dokumenty\GitHub\Projetk_Cyfr-wka_Terraria_Gra\rtl\boss_draw.sv [8 ms, 134 lines, SystemVerilog_2012] ...
Loading (19) C:\Users\maksw\OneDrive\Dokumenty\GitHub\Projetk_Cyfr-wka_Terraria_Gra\sim\common\glbl.v ...
Done C:\Users\maksw\OneDrive\Dokumenty\GitHub\Projetk_Cyfr-wka_Terraria_Gra\sim\common\glbl.v [4 ms, 85 lines, Verilog_2001] ...
*** Done invocation #1 [198 ms] ***
*** Done parsing [LT 133 ms, PT 198 ms] ***
*** Total number of lines [2 164] ***
Performing post full build actions ...
Performing post full build step 1 (SRI) [0 ms] ...
Performing post full build step 2 (RI) [0 ms] ...
Performing post full build step 3 (RCP) [0 ms] ...
*** Files summary [19 total, 19 unique, 0 optimized] ***
*** Done SystemVerilog build [377 ms] ***

*** Start mixed mode extension build ***
Performing mixed post full build step (VHDL - RU) [4 ms] ...
Performing mixed post full build step (VHDL - RT) [378 ms] ...
Performing mixed post full build step (VLOG - RI) [2 ms] ...
*** Warning: UNSPECIFIED_TOP: Please specify a -top module/entity/configuration in the project build file
*** Top design candidates: work.draw_boss, work.top_fpga_tb, work.top_vga_tb, work.vga_timing_tb
Performing mixed post full build step (MIXED - ELAB) [383 ms] ...
Performing mixed post full build step (MIXED - UNEL) [62 ms] ...
*** Warning: MISSING_PORT_CONNECTION: Instance 'u_boss_draw' of module 'boss_draw' is missing port connection to input 'char_x, char_y'
    at line 31 in C:\Users\maksw\OneDrive\Dokumenty\GitHub\Projetk_Cyfr-wka_Terraria_Gra\rtl\boss.sv:31 [compile index 2]
*** Warning: MISSING_PORT_CONNECTION: Instance 'dut' of module 'top_vga_basys3' is missing port connection to inout 'PS2Clk, PS2Data'
    at line 59 in C:\Users\maksw\OneDrive\Dokumenty\GitHub\Projetk_Cyfr-wka_Terraria_Gra\sim\top_fpga\top_fpga_tb.sv:59 [compile index 8]
*** Warning: MISSING_PORT_CONNECTION: Instance 'dut' of module 'top_vga_basys3' is missing port connection to input 'btnU, btnR, btnL'
    at line 59 in C:\Users\maksw\OneDrive\Dokumenty\GitHub\Projetk_Cyfr-wka_Terraria_Gra\sim\top_fpga\top_fpga_tb.sv:59 [compile index 8]
*** Warning: UNDECLARED_MODULE: Module 'IBUF' is not declared
    at line 80 in C:\Users\maksw\OneDrive\Dokumenty\GitHub\Projetk_Cyfr-wka_Terraria_Gra\rtl\clk_wiz_0_clk_wiz.v:80 [compile index 4]
*** Warning: UNDECLARED_MODULE: Module 'MMCME2_ADV' is not declared
    at line 127 in C:\Users\maksw\OneDrive\Dokumenty\GitHub\Projetk_Cyfr-wka_Terraria_Gra\rtl\clk_wiz_0_clk_wiz.v:127 [compile index 4]
*** Warning: UNDECLARED_MODULE: Module 'BUFG' is not declared
    at line 193 in C:\Users\maksw\OneDrive\Dokumenty\GitHub\Projetk_Cyfr-wka_Terraria_Gra\rtl\clk_wiz_0_clk_wiz.v:193 [compile index 4]
*** Warning: UNDECLARED_MODULE: Module 'BUFGCE' is not declared
    at line 203 in C:\Users\maksw\OneDrive\Dokumenty\GitHub\Projetk_Cyfr-wka_Terraria_Gra\rtl\clk_wiz_0_clk_wiz.v:203 [compile index 4]
*** Warning: UNDECLARED_MODULE: Module 'BUFH' is not declared
    at line 208 in C:\Users\maksw\OneDrive\Dokumenty\GitHub\Projetk_Cyfr-wka_Terraria_Gra\rtl\clk_wiz_0_clk_wiz.v:208 [compile index 4]
*** Warning: UNDECLARED_MODULE: Module 'BUFGCE' is not declared
    at line 215 in C:\Users\maksw\OneDrive\Dokumenty\GitHub\Projetk_Cyfr-wka_Terraria_Gra\rtl\clk_wiz_0_clk_wiz.v:215 [compile index 4]
*** Warning: UNDECLARED_MODULE: Module 'BUFH' is not declared
    at line 220 in C:\Users\maksw\OneDrive\Dokumenty\GitHub\Projetk_Cyfr-wka_Terraria_Gra\rtl\clk_wiz_0_clk_wiz.v:220 [compile index 4]
*** Warning: UNDECLARED_MODULE: Module 'ODDR' is not declared
    at line 74 in C:\Users\maksw\OneDrive\Dokumenty\GitHub\Projetk_Cyfr-wka_Terraria_Gra\fpga\rtl\top_vga_basys3.sv:74 [compile index 1]
*** Warning: MISSING_PORT_CONNECTION: Instance 'u_top_vga' of module 'top_vga' is missing port connection to output 'on_ground, ground_lvl, ground_y, char_x, ...'
    at line 89 in C:\Users\maksw\OneDrive\Dokumenty\GitHub\Projetk_Cyfr-wka_Terraria_Gra\fpga\rtl\top_vga_basys3.sv:89 [compile index 1]
*** Warning: WIDTH_MISMATCH_PADDING: Assignment to 'char_hp' of '5-bit' type from 'char_hp_out' of '4-bit' type
    at line 119 in C:\Users\maksw\OneDrive\Dokumenty\GitHub\Projetk_Cyfr-wka_Terraria_Gra\rtl\top_vga.sv:119 [compile index 5]
*** Warning: WIDTH_MISMATCH_TRUNCATION: Assignment to 'ground_lvl' of '1-bit' type from 'ground_lvl' of '12-bit' type
    at line 36 in C:\Users\maksw\OneDrive\Dokumenty\GitHub\Projetk_Cyfr-wka_Terraria_Gra\rtl\char.sv:36 [compile index 3]
*** Warning: MISSING_PORT_CONNECTION: Instance 'dut' of module 'top_vga' is missing port connection to input 'clk100MHz, stepleft, stepright, stepjump'
    at line 58 in C:\Users\maksw\OneDrive\Dokumenty\GitHub\Projetk_Cyfr-wka_Terraria_Gra\sim\top_vga\top_vga_tb.sv:58 [compile index 9]
*** Warning: MISSING_PORT_CONNECTION: Instance 'dut' of module 'top_vga' is missing port connection to output 'on_ground, ground_lvl, ground_y, char_x, ...'
    at line 58 in C:\Users\maksw\OneDrive\Dokumenty\GitHub\Projetk_Cyfr-wka_Terraria_Gra\sim\top_vga\top_vga_tb.sv:58 [compile index 9]
*** Warning: STATIC_INITIALIZATION: Explicit 'static' or 'automatic' is required when implicit static variable is initialized
    at line 37 in C:\Users\maksw\OneDrive\Dokumenty\GitHub\Projetk_Cyfr-wka_Terraria_Gra\rtl\hearts_display.sv:37 [compile index 14]
*** Warning: STATIC_INITIALIZATION: Explicit 'static' or 'automatic' is required when implicit static variable is initialized
    at line 38 in C:\Users\maksw\OneDrive\Dokumenty\GitHub\Projetk_Cyfr-wka_Terraria_Gra\rtl\hearts_display.sv:38 [compile index 14]
*** Warning: ASSIGNMENT_BLOCKING: Blocking assignment of 'frame_number' in sequential logic (use non-blocking assignment)
    at line 401 in C:\Users\maksw\OneDrive\Dokumenty\GitHub\Projetk_Cyfr-wka_Terraria_Gra\sim\common\tiff_writer.sv:401 [compile index 7]
*** Warning: WIDTH_MISMATCH_PADDING: Assignment to 'vcount_reg' of '12-bit' type from 'vga_in.vcount' of '11-bit' type
    at line 87 in C:\Users\maksw\OneDrive\Dokumenty\GitHub\Projetk_Cyfr-wka_Terraria_Gra\rtl\platform.sv:87 [compile index 13]
*** Warning: WIDTH_MISMATCH_PADDING: Assignment to 'hcount_reg' of '12-bit' type from 'vga_in.hcount' of '11-bit' type
    at line 90 in C:\Users\maksw\OneDrive\Dokumenty\GitHub\Projetk_Cyfr-wka_Terraria_Gra\rtl\platform.sv:90 [compile index 13]
*** Warning: WIDTH_MISMATCH_TRUNCATION: Assignment to 'vga_out.vcount' of '11-bit' type from 'vcount_reg' of '12-bit' type
    at line 95 in C:\Users\maksw\OneDrive\Dokumenty\GitHub\Projetk_Cyfr-wka_Terraria_Gra\rtl\platform.sv:95 [compile index 13]
*** Warning: WIDTH_MISMATCH_TRUNCATION: Assignment to 'vga_out.hcount' of '11-bit' type from 'hcount_reg' of '12-bit' type
    at line 98 in C:\Users\maksw\OneDrive\Dokumenty\GitHub\Projetk_Cyfr-wka_Terraria_Gra\rtl\platform.sv:98 [compile index 13]
*** Warning: WIDTH_MISMATCH_TRUNCATION: Assignment to 'wait_counter' of '8-bit' type from 'WAIT_TICKS' of '32-bit' type
    at line 71 in C:\Users\maksw\OneDrive\Dokumenty\GitHub\Projetk_Cyfr-wka_Terraria_Gra\rtl\boss_draw.sv:71 [compile index 18]
*** Warning: WIDTH_MISMATCH_TRUNCATION: Assignment to 'wait_counter' of '8-bit' type from 'WAIT_TICKS' of '32-bit' type
    at line 91 in C:\Users\maksw\OneDrive\Dokumenty\GitHub\Projetk_Cyfr-wka_Terraria_Gra\rtl\boss_draw.sv:91 [compile index 18]
*** Warning: UNELABORATED_MODULE: Module 'work.glbl' is not elaborated
    at line 6 in C:\Users\maksw\OneDrive\Dokumenty\GitHub\Projetk_Cyfr-wka_Terraria_Gra\sim\common\glbl.v:6 [compile index 19]
Performing mixed post full build step (VHDL - RD) [5 ms] ...
Performing mixed post full build step (VHDL - US) [0 ms] ...
Performing mixed post full build step (VHDL - USBD) [51 ms] ...
Performing mixed post full build step (VLOG - RD) [5 ms] ...
Performing mixed post full build step (VLOG - US) [115 ms] ...
*** Warning: SIGNAL_NEVER_USED: Signal 'PS2Clk' is never used
    at line 27 in C:\Users\maksw\OneDrive\Dokumenty\GitHub\Projetk_Cyfr-wka_Terraria_Gra\fpga\rtl\top_vga_basys3.sv:27 [compile index 1]
*** Warning: SIGNAL_NEVER_USED: Signal 'PS2Data' is never used
    at line 28 in C:\Users\maksw\OneDrive\Dokumenty\GitHub\Projetk_Cyfr-wka_Terraria_Gra\fpga\rtl\top_vga_basys3.sv:28 [compile index 1]
*** Warning: SIGNAL_NEVER_USED: Signal 'clk_ss' is never used
    at line 38 in C:\Users\maksw\OneDrive\Dokumenty\GitHub\Projetk_Cyfr-wka_Terraria_Gra\fpga\rtl\top_vga_basys3.sv:38 [compile index 1]
*** Warning: SIGNAL_NEVER_READ: Signal 'locked' is never read (connected to sub-instance output port)
    at line 39 in C:\Users\maksw\OneDrive\Dokumenty\GitHub\Projetk_Cyfr-wka_Terraria_Gra\fpga\rtl\top_vga_basys3.sv:39 [compile index 1]
*** Warning: SIGNAL_NEVER_USED: Signal 'boss_x' is never used
    at line 12 in C:\Users\maksw\OneDrive\Dokumenty\GitHub\Projetk_Cyfr-wka_Terraria_Gra\rtl\boss.sv:12 [compile index 2]
*** Warning: SIGNAL_NEVER_USED: Signal 'boss_y' is never used
    at line 12 in C:\Users\maksw\OneDrive\Dokumenty\GitHub\Projetk_Cyfr-wka_Terraria_Gra\rtl\boss.sv:12 [compile index 2]
*** Warning: SIGNAL_NEVER_USED: Signal 'flip_h' is never used
    at line 13 in C:\Users\maksw\OneDrive\Dokumenty\GitHub\Projetk_Cyfr-wka_Terraria_Gra\rtl\boss.sv:13 [compile index 2]
*** Warning: SIGNAL_NEVER_READ: Signal 'char_lng' is never read (connected to sub-instance output port)
    at line 16 in C:\Users\maksw\OneDrive\Dokumenty\GitHub\Projetk_Cyfr-wka_Terraria_Gra\rtl\char.sv:16 [compile index 3]
*** Warning: SIGNAL_NEVER_READ: Signal 'char_hgt' is never read (connected to sub-instance output port)
    at line 16 in C:\Users\maksw\OneDrive\Dokumenty\GitHub\Projetk_Cyfr-wka_Terraria_Gra\rtl\char.sv:16 [compile index 3]
*** Warning: SIGNAL_NEVER_USED: Signal 'clk_in2_clk_wiz_0' is never used
    at line 79 in C:\Users\maksw\OneDrive\Dokumenty\GitHub\Projetk_Cyfr-wka_Terraria_Gra\rtl\clk_wiz_0_clk_wiz.v:79 [compile index 4]
*** Warning: SIGNAL_NEVER_USED: Signal 'clk_out3_clk_wiz_0' is never used
    at line 96 in C:\Users\maksw\OneDrive\Dokumenty\GitHub\Projetk_Cyfr-wka_Terraria_Gra\rtl\clk_wiz_0_clk_wiz.v:96 [compile index 4]
*** Warning: SIGNAL_NEVER_USED: Signal 'clk_out4_clk_wiz_0' is never used
    at line 97 in C:\Users\maksw\OneDrive\Dokumenty\GitHub\Projetk_Cyfr-wka_Terraria_Gra\rtl\clk_wiz_0_clk_wiz.v:97 [compile index 4]
*** Warning: SIGNAL_NEVER_USED: Signal 'clk_out5_clk_wiz_0' is never used
    at line 98 in C:\Users\maksw\OneDrive\Dokumenty\GitHub\Projetk_Cyfr-wka_Terraria_Gra\rtl\clk_wiz_0_clk_wiz.v:98 [compile index 4]
*** Warning: SIGNAL_NEVER_USED: Signal 'clk_out6_clk_wiz_0' is never used
    at line 99 in C:\Users\maksw\OneDrive\Dokumenty\GitHub\Projetk_Cyfr-wka_Terraria_Gra\rtl\clk_wiz_0_clk_wiz.v:99 [compile index 4]
*** Warning: SIGNAL_NEVER_USED: Signal 'clk_out7_clk_wiz_0' is never used
    at line 100 in C:\Users\maksw\OneDrive\Dokumenty\GitHub\Projetk_Cyfr-wka_Terraria_Gra\rtl\clk_wiz_0_clk_wiz.v:100 [compile index 4]
*** Warning: IMPLICIT_DECLARATION: Implicit declaration of 'clk100MHz_clk_wiz_0_en_clk' using `default_nettype set to wire
    at line 209 in C:\Users\maksw\OneDrive\Dokumenty\GitHub\Projetk_Cyfr-wka_Terraria_Gra\rtl\clk_wiz_0_clk_wiz.v:209 [compile index 4]
*** Warning: INTERNAL_GENERATED_CLOCK: Clock signal 'clk100MHz_clk_wiz_0_en_clk' is not an input port
    at line 211 in C:\Users\maksw\OneDrive\Dokumenty\GitHub\Projetk_Cyfr-wka_Terraria_Gra\rtl\clk_wiz_0_clk_wiz.v:211 [compile index 4]
*** Warning: IMPLICIT_DECLARATION: Implicit declaration of 'clk65MHz_clk_wiz_0_en_clk' using `default_nettype set to wire
    at line 221 in C:\Users\maksw\OneDrive\Dokumenty\GitHub\Projetk_Cyfr-wka_Terraria_Gra\rtl\clk_wiz_0_clk_wiz.v:221 [compile index 4]
*** Warning: INTERNAL_GENERATED_CLOCK: Clock signal 'clk65MHz_clk_wiz_0_en_clk' is not an input port
    at line 224 in C:\Users\maksw\OneDrive\Dokumenty\GitHub\Projetk_Cyfr-wka_Terraria_Gra\rtl\clk_wiz_0_clk_wiz.v:224 [compile index 4]
*** Warning: SIGNAL_NEVER_USED: Signal 'clk100MHz' is never used
    at line 17 in C:\Users\maksw\OneDrive\Dokumenty\GitHub\Projetk_Cyfr-wka_Terraria_Gra\rtl\top_vga.sv:17 [compile index 5]
*** Warning: INTERNAL_GENERATED_RESET: Reset signal 'file_open' is not an input port
    at line 388 in C:\Users\maksw\OneDrive\Dokumenty\GitHub\Projetk_Cyfr-wka_Terraria_Gra\sim\common\tiff_writer.sv:388 [compile index 7]
*** Warning: MULTIPLE_CLOCKS_BLOCK: Procedural block driven by multiple clocks (go_delayed, go)
    at line 395 in C:\Users\maksw\OneDrive\Dokumenty\GitHub\Projetk_Cyfr-wka_Terraria_Gra\sim\common\tiff_writer.sv:395 [compile index 7]
*** Warning: SIGNAL_NEVER_READ: Signal 'hs' is never read (connected to sub-instance output port)
    at line 41 in C:\Users\maksw\OneDrive\Dokumenty\GitHub\Projetk_Cyfr-wka_Terraria_Gra\sim\top_fpga\top_fpga_tb.sv:41 [compile index 8]
*** Warning: SIGNAL_NEVER_READ: Signal 'hs' is never read (connected to sub-instance output port)
    at line 40 in C:\Users\maksw\OneDrive\Dokumenty\GitHub\Projetk_Cyfr-wka_Terraria_Gra\sim\top_vga\top_vga_tb.sv:40 [compile index 9]
*** Warning: SIGNAL_NEVER_WRITTEN: Signal 'heart_rom' is never written
    at line 16 in C:\Users\maksw\OneDrive\Dokumenty\GitHub\Projetk_Cyfr-wka_Terraria_Gra\rtl\hearts_display.sv:16 [compile index 14]
*** Warning: SIGNAL_NEVER_WRITTEN: Signal 'char_rom' is never written
    at line 22 in C:\Users\maksw\OneDrive\Dokumenty\GitHub\Projetk_Cyfr-wka_Terraria_Gra\rtl\char_draw.sv:22 [compile index 16]
*** Warning: SIGNAL_RESET_BUT_NOT_DRIVEN: Signal 'char_hp' is reset but not driven
    at line 53 in C:\Users\maksw\OneDrive\Dokumenty\GitHub\Projetk_Cyfr-wka_Terraria_Gra\rtl\char_ctrl.sv:53 [compile index 17]
*** Warning: SIGNAL_NEVER_USED: Signal 'char_y' is never used
    at line 5 in C:\Users\maksw\OneDrive\Dokumenty\GitHub\Projetk_Cyfr-wka_Terraria_Gra\rtl\boss_draw.sv:5 [compile index 18]
*** Warning: SIGNAL_NEVER_WRITTEN: Signal 'boss_rom' is never written
    at line 41 in C:\Users\maksw\OneDrive\Dokumenty\GitHub\Projetk_Cyfr-wka_Terraria_Gra\rtl\boss_draw.sv:41 [compile index 18]
*** Warning: SIGNAL_NEVER_READ: Signal 'GSR' is never read
    at line 14 in C:\Users\maksw\OneDrive\Dokumenty\GitHub\Projetk_Cyfr-wka_Terraria_Gra\sim\common\glbl.v:14 [compile index 19]
*** Warning: SIGNAL_NEVER_READ: Signal 'GTS' is never read
    at line 15 in C:\Users\maksw\OneDrive\Dokumenty\GitHub\Projetk_Cyfr-wka_Terraria_Gra\sim\common\glbl.v:15 [compile index 19]
*** Warning: SIGNAL_NEVER_USED: Signal 'GWE' is never used
    at line 16 in C:\Users\maksw\OneDrive\Dokumenty\GitHub\Projetk_Cyfr-wka_Terraria_Gra\sim\common\glbl.v:16 [compile index 19]
*** Warning: SIGNAL_NEVER_READ: Signal 'PRLD' is never read
    at line 17 in C:\Users\maksw\OneDrive\Dokumenty\GitHub\Projetk_Cyfr-wka_Terraria_Gra\sim\common\glbl.v:17 [compile index 19]
*** Warning: SIGNAL_NEVER_READ: Signal 'GRESTORE' is never read
    at line 18 in C:\Users\maksw\OneDrive\Dokumenty\GitHub\Projetk_Cyfr-wka_Terraria_Gra\sim\common\glbl.v:18 [compile index 19]
*** Warning: SIGNAL_NEVER_WRITTEN: Signal 'p_up_tmp' is never written
    at line 19 in C:\Users\maksw\OneDrive\Dokumenty\GitHub\Projetk_Cyfr-wka_Terraria_Gra\sim\common\glbl.v:19 [compile index 19]
*** Warning: SIGNAL_NEVER_READ: Signal 'PLL_LOCKG' is never read
    at line 20 in C:\Users\maksw\OneDrive\Dokumenty\GitHub\Projetk_Cyfr-wka_Terraria_Gra\sim\common\glbl.v:20 [compile index 19]
*** Warning: SIGNAL_NEVER_USED: Signal 'PROGB_GLBL' is never used
    at line 22 in C:\Users\maksw\OneDrive\Dokumenty\GitHub\Projetk_Cyfr-wka_Terraria_Gra\sim\common\glbl.v:22 [compile index 19]
*** Warning: SIGNAL_NEVER_USED: Signal 'CCLKO_GLBL' is never used
    at line 23 in C:\Users\maksw\OneDrive\Dokumenty\GitHub\Projetk_Cyfr-wka_Terraria_Gra\sim\common\glbl.v:23 [compile index 19]
*** Warning: SIGNAL_NEVER_USED: Signal 'FCSBO_GLBL' is never used
    at line 24 in C:\Users\maksw\OneDrive\Dokumenty\GitHub\Projetk_Cyfr-wka_Terraria_Gra\sim\common\glbl.v:24 [compile index 19]
*** Warning: SIGNAL_NEVER_USED: Signal 'DO_GLBL' is never used
    at line 25 in C:\Users\maksw\OneDrive\Dokumenty\GitHub\Projetk_Cyfr-wka_Terraria_Gra\sim\common\glbl.v:25 [compile index 19]
*** Warning: SIGNAL_NEVER_USED: Signal 'DI_GLBL' is never used
    at line 26 in C:\Users\maksw\OneDrive\Dokumenty\GitHub\Projetk_Cyfr-wka_Terraria_Gra\sim\common\glbl.v:26 [compile index 19]
*** Warning: SIGNAL_NEVER_USED: Signal 'JTAG_TDO_GLBL' is never used
    at line 34 in C:\Users\maksw\OneDrive\Dokumenty\GitHub\Projetk_Cyfr-wka_Terraria_Gra\sim\common\glbl.v:34 [compile index 19]
*** Warning: SIGNAL_NEVER_USED: Signal 'JTAG_TCK_GLBL' is never used
    at line 35 in C:\Users\maksw\OneDrive\Dokumenty\GitHub\Projetk_Cyfr-wka_Terraria_Gra\sim\common\glbl.v:35 [compile index 19]
*** Warning: SIGNAL_NEVER_USED: Signal 'JTAG_TDI_GLBL' is never used
    at line 36 in C:\Users\maksw\OneDrive\Dokumenty\GitHub\Projetk_Cyfr-wka_Terraria_Gra\sim\common\glbl.v:36 [compile index 19]
*** Warning: SIGNAL_NEVER_USED: Signal 'JTAG_TMS_GLBL' is never used
    at line 37 in C:\Users\maksw\OneDrive\Dokumenty\GitHub\Projetk_Cyfr-wka_Terraria_Gra\sim\common\glbl.v:37 [compile index 19]
*** Warning: SIGNAL_NEVER_USED: Signal 'JTAG_TRST_GLBL' is never used
    at line 38 in C:\Users\maksw\OneDrive\Dokumenty\GitHub\Projetk_Cyfr-wka_Terraria_Gra\sim\common\glbl.v:38 [compile index 19]
*** Warning: SIGNAL_NEVER_USED: Signal 'JTAG_CAPTURE_GLBL' is never used
    at line 40 in C:\Users\maksw\OneDrive\Dokumenty\GitHub\Projetk_Cyfr-wka_Terraria_Gra\sim\common\glbl.v:40 [compile index 19]
*** Warning: SIGNAL_NEVER_USED: Signal 'JTAG_RESET_GLBL' is never used
    at line 41 in C:\Users\maksw\OneDrive\Dokumenty\GitHub\Projetk_Cyfr-wka_Terraria_Gra\sim\common\glbl.v:41 [compile index 19]
*** Warning: SIGNAL_NEVER_USED: Signal 'JTAG_SHIFT_GLBL' is never used
    at line 42 in C:\Users\maksw\OneDrive\Dokumenty\GitHub\Projetk_Cyfr-wka_Terraria_Gra\sim\common\glbl.v:42 [compile index 19]
*** Warning: SIGNAL_NEVER_USED: Signal 'JTAG_UPDATE_GLBL' is never used
    at line 43 in C:\Users\maksw\OneDrive\Dokumenty\GitHub\Projetk_Cyfr-wka_Terraria_Gra\sim\common\glbl.v:43 [compile index 19]
*** Warning: SIGNAL_NEVER_USED: Signal 'JTAG_RUNTEST_GLBL' is never used
    at line 44 in C:\Users\maksw\OneDrive\Dokumenty\GitHub\Projetk_Cyfr-wka_Terraria_Gra\sim\common\glbl.v:44 [compile index 19]
*** Warning: SIGNAL_NEVER_READ: Signal 'JTAG_SEL1_GLBL' is never read
    at line 46 in C:\Users\maksw\OneDrive\Dokumenty\GitHub\Projetk_Cyfr-wka_Terraria_Gra\sim\common\glbl.v:46 [compile index 19]
*** Warning: SIGNAL_NEVER_READ: Signal 'JTAG_SEL2_GLBL' is never read
    at line 47 in C:\Users\maksw\OneDrive\Dokumenty\GitHub\Projetk_Cyfr-wka_Terraria_Gra\sim\common\glbl.v:47 [compile index 19]
*** Warning: SIGNAL_NEVER_READ: Signal 'JTAG_SEL3_GLBL' is never read
    at line 48 in C:\Users\maksw\OneDrive\Dokumenty\GitHub\Projetk_Cyfr-wka_Terraria_Gra\sim\common\glbl.v:48 [compile index 19]
*** Warning: SIGNAL_NEVER_READ: Signal 'JTAG_SEL4_GLBL' is never read
    at line 49 in C:\Users\maksw\OneDrive\Dokumenty\GitHub\Projetk_Cyfr-wka_Terraria_Gra\sim\common\glbl.v:49 [compile index 19]
*** Warning: SIGNAL_NEVER_READ: Signal 'JTAG_USER_TDO1_GLBL' is never read
    at line 51 in C:\Users\maksw\OneDrive\Dokumenty\GitHub\Projetk_Cyfr-wka_Terraria_Gra\sim\common\glbl.v:51 [compile index 19]
*** Warning: SIGNAL_NEVER_READ: Signal 'JTAG_USER_TDO2_GLBL' is never read
    at line 52 in C:\Users\maksw\OneDrive\Dokumenty\GitHub\Projetk_Cyfr-wka_Terraria_Gra\sim\common\glbl.v:52 [compile index 19]
*** Warning: SIGNAL_NEVER_READ: Signal 'JTAG_USER_TDO3_GLBL' is never read
    at line 53 in C:\Users\maksw\OneDrive\Dokumenty\GitHub\Projetk_Cyfr-wka_Terraria_Gra\sim\common\glbl.v:53 [compile index 19]
*** Warning: SIGNAL_NEVER_READ: Signal 'JTAG_USER_TDO4_GLBL' is never read
    at line 54 in C:\Users\maksw\OneDrive\Dokumenty\GitHub\Projetk_Cyfr-wka_Terraria_Gra\sim\common\glbl.v:54 [compile index 19]
*** Done mixed mode extension build [1s.027ms] ***
*** Total build time [2s.385ms] ***
