#-----------------------------------------------------------
# Vivado v2024.2 (64-bit)
# SW Build 5239630 on Fri Nov 08 22:35:27 MST 2024
# IP Build 5239520 on Sun Nov 10 16:12:51 MST 2024
# SharedData Build 5239561 on Fri Nov 08 14:39:27 MST 2024
# Start of session at: Thu Aug 14 20:22:44 2025
# Process ID         : 2256
# Current directory  : C:/Users/Damian/Documents/GitHub/Projetk_Cyfr-wka_Terraria_Gra
# Command line       : vivado.exe -mode tcl -source fpga/scripts/program_fpga.tcl -tclargs results/top_vga_basys3.bit
# Log file           : C:/Users/Damian/Documents/GitHub/Projetk_Cyfr-wka_Terraria_Gra/vivado.log
# Journal file       : C:/Users/Damian/Documents/GitHub/Projetk_Cyfr-wka_Terraria_Gra\vivado.jou
# Running On         : DESKTOP-97OSCKL
# Platform           : Windows Server 2016 or Windows 10
# Operating System   : 19045
# Processor Detail   : 11th Gen Intel(R) Core(TM) i5-11400F @ 2.60GHz
# CPU Frequency      : 2592 MHz
# CPU Physical cores : 6
# CPU Logical cores  : 12
# Host memory        : 34235 MB
# Swap memory        : 3995 MB
# Total Virtual      : 38231 MB
# Available Virtual  : 7508 MB
#-----------------------------------------------------------
source fpga/scripts/program_fpga.tcl
# set bitstream_file [lindex ${argv} 0]
# proc program_fpga {bitstream_file} {
#     if {[file exists $bitstream_file] == 0} {
#         puts "ERROR: Bitstream not found"
#         exit 1
#     } else {
#         open_hw_manager
#         connect_hw_server
#         current_hw_target [get_hw_targets *]
#         open_hw_target
#         current_hw_device [lindex [get_hw_devices] 0]
#         refresh_hw_device -update_hw_probes false [lindex [get_hw_devices] 0]
# 
#         set_property PROBES.FILE {} [lindex [get_hw_devices] 0]
#         set_property FULL_PROBES.FILE {} [lindex [get_hw_devices] 0]
#         set_property PROGRAM.FILE ${bitstream_file} [lindex [get_hw_devices] 0]
# 
#         program_hw_devices [lindex [get_hw_devices] 0]
#         refresh_hw_device [lindex [get_hw_devices] 0]
#     }
# }
# if {${argc} != 1} {
#     puts "ERROR: Bitsream not specified"
#     exit 1
# } else {
#     program_fpga $bitstream_file
#     exit
# }
INFO: [Labtools 27-2285] Connecting to hw_server url TCP:localhost:3121
INFO: [Labtools 27-3415] Connecting to cs_server url TCP:localhost:0
INFO: [Labtools 27-3417] Launching cs_server...
INFO: [Labtools 27-2221] Launch Output:


******** Xilinx cs_server v2024.2.0
  ****** Build date   : Oct 30 2024-19:19:07
    **** Build number : 2024.2.1730312347
      ** Copyright 2017-2022 Xilinx, Inc. All Rights Reserved.
      ** Copyright 2022-2025 Advanced Micro Devices, Inc. All Rights Reserved.



INFO: [Labtoolstcl 44-466] Opening hw_target localhost:3121/xilinx_tcf/Digilent/210183738888A
INFO: [Labtools 27-1434] Device xc7a35t (JTAG device index = 0) is programmed with a design that has no supported debug core(s) in it.
INFO: [Labtools 27-3164] End of startup status: HIGH
INFO: [Labtools 27-1434] Device xc7a35t (JTAG device index = 0) is programmed with a design that has no supported debug core(s) in it.
INFO: [Common 17-206] Exiting Vivado at Thu Aug 14 20:22:53 2025...
