Copyright 1986-2021 Xilinx, Inc. All Rights Reserved.
-------------------------------------------------------------------------------------------
| Tool Version : Vivado v.2021.2 (lin64) Build 3367213 Tue Oct 19 02:47:39 MDT 2021
| Date         : Thu Aug 14 00:17:44 2025
| Host         : cadence34 running 64-bit CentOS Linux release 7.9.2009 (Core)
| Command      : report_control_sets -verbose -file top_vga_basys3_control_sets_placed.rpt
| Design       : top_vga_basys3
| Device       : xc7a35t
-------------------------------------------------------------------------------------------

Control Set Information

Table of Contents
-----------------
1. Summary
2. Histogram
3. Flip-Flop Distribution
4. Detailed Control Set Information

1. Summary
----------

+----------------------------------------------------------+-------+
|                          Status                          | Count |
+----------------------------------------------------------+-------+
| Total control sets                                       |    21 |
|    Minimum number of control sets                        |    21 |
|    Addition due to synthesis replication                 |     0 |
|    Addition due to physical synthesis replication        |     0 |
| Unused register locations in slices containing registers |    63 |
+----------------------------------------------------------+-------+
* Control sets can be merged at opt_design using control_set_merge or merge_equivalent_drivers
** Run report_qor_suggestions for automated merging and remapping suggestions


2. Histogram
------------

+--------------------+-------+
|       Fanout       | Count |
+--------------------+-------+
| Total control sets |    21 |
| >= 0 to < 4        |     1 |
| >= 4 to < 6        |     1 |
| >= 6 to < 8        |     2 |
| >= 8 to < 10       |     5 |
| >= 10 to < 12      |     1 |
| >= 12 to < 14      |     4 |
| >= 14 to < 16      |     1 |
| >= 16              |     6 |
+--------------------+-------+
* Control sets can be remapped at either synth_design or opt_design


3. Flip-Flop Distribution
-------------------------

+--------------+-----------------------+------------------------+-----------------+--------------+
| Clock Enable | Synchronous Set/Reset | Asynchronous Set/Reset | Total Registers | Total Slices |
+--------------+-----------------------+------------------------+-----------------+--------------+
| No           | No                    | No                     |             177 |           60 |
| No           | No                    | Yes                    |               4 |            4 |
| No           | Yes                   | No                     |             153 |           53 |
| Yes          | No                    | No                     |              25 |            7 |
| Yes          | No                    | Yes                    |              25 |            7 |
| Yes          | Yes                   | No                     |              49 |           15 |
+--------------+-----------------------+------------------------+-----------------+--------------+


4. Detailed Control Set Information
-----------------------------------

+----------------------------------+---------------------------------------------------------------------+---------------------------------------------------------------------+------------------+----------------+--------------+
|           Clock Signal           |                            Enable Signal                            |                           Set/Reset Signal                          | Slice Load Count | Bel Load Count | Bels / Slice |
+----------------------------------+---------------------------------------------------------------------+---------------------------------------------------------------------+------------------+----------------+--------------+
|  inst/clk65MHz                   | u_top_vga/u_char/u_ctrl/flip_h_i_1_n_0                              | btnC_IBUF                                                           |                1 |              1 |         1.00 |
|  inst/clk100MHz                  | u_top_vga/u_MouseCtl/Inst_Ps2Interface/shift_frame                  | u_top_vga/u_MouseCtl/Inst_Ps2Interface/reset_bit_count              |                1 |              4 |         4.00 |
|  inst/clk100MHz                  | u_top_vga/u_MouseCtl/Inst_Ps2Interface/delay_63clk_count[6]_i_2_n_0 | u_top_vga/u_MouseCtl/Inst_Ps2Interface/delay_63clk_count[6]_i_1_n_0 |                2 |              7 |         3.50 |
|  inst/clk65MHz                   |                                                                     | u_top_vga/u_vga_timing/vblnk_reg_0                                  |                4 |              7 |         1.75 |
|  inst/clk100MHz_clk_wiz_0_en_clk |                                                                     |                                                                     |                1 |              8 |         8.00 |
|  inst/clk100MHz                  | u_top_vga/u_MouseCtl/Inst_Ps2Interface/load_rx_data                 |                                                                     |                2 |              8 |         4.00 |
|  inst/clk100MHz                  | u_top_vga/u_MouseCtl/write_data                                     |                                                                     |                3 |              8 |         2.67 |
|  inst/clk65MHz_clk_wiz_0_en_clk  |                                                                     |                                                                     |                1 |              8 |         8.00 |
|  inst/clk100MHz                  | u_top_vga/u_MouseCtl/Inst_Ps2Interface/frame[9]_i_1_n_0             |                                                                     |                2 |              9 |         4.50 |
|  inst/clk100MHz                  | u_top_vga/u_MouseCtl/Inst_Ps2Interface/delay_20us_count[10]_i_2_n_0 | u_top_vga/u_MouseCtl/Inst_Ps2Interface/delay_20us_count[10]_i_1_n_0 |                3 |             11 |         3.67 |
|  inst/clk65MHz                   | u_top_vga/u_char/u_ctrl/next_y                                      | btnC_IBUF                                                           |                3 |             12 |         4.00 |
|  inst/clk65MHz                   | u_top_vga/u_char/u_ctrl/next_x                                      | btnC_IBUF                                                           |                3 |             12 |         4.00 |
|  inst/clk65MHz                   |                                                                     | u_top_vga/u_char/u_wpn_draw_def/SR[0]                               |                3 |             12 |         4.00 |
|  inst/clk65MHz                   | u_top_vga/u_vga_timing/vcount[10]_i_1_n_0                           | btnC_IBUF                                                           |                5 |             13 |         2.60 |
|  inst/clk100MHz                  | u_top_vga/u_MouseCtl/Inst_Ps2Interface/delay_100us_count[0]_i_2_n_0 | u_top_vga/u_MouseCtl/Inst_Ps2Interface/clear                        |                4 |             14 |         3.50 |
|  inst/clk65MHz                   |                                                                     | u_top_vga/u_char/u_ctrl/tick_count[20]_i_1_n_0                      |                6 |             21 |         3.50 |
|  inst/clk100MHz                  |                                                                     | u_top_vga/u_MouseCtl/reset_timeout_cnt_reg_n_0                      |                5 |             24 |         4.80 |
|  inst/clk100MHz                  |                                                                     | u_top_vga/u_MouseCtl/reset_periodic_check_cnt__0                    |                7 |             26 |         3.71 |
|  inst/clk65MHz                   |                                                                     | btnC_IBUF                                                           |               32 |             67 |         2.09 |
|  inst/clk65MHz                   |                                                                     |                                                                     |               32 |             79 |         2.47 |
|  inst/clk100MHz                  |                                                                     |                                                                     |               26 |             84 |         3.23 |
+----------------------------------+---------------------------------------------------------------------+---------------------------------------------------------------------+------------------+----------------+--------------+


