Warnings, critical warnings and errors from synthesis and implementation

Created: 2025-08-29 17:15:45

----SYNTHESIS----
WARNING: [Synth 8-10180] variable 'hx_start' must explicitly be declared as automatic or static [C:/Users/KittyFox/Documents/GitHub/Projetk_Cyfr-wka_Terraria_Gra/rtl/Character/hearts_display.sv:72]
WARNING: [Synth 8-10180] variable 'hx_end' must explicitly be declared as automatic or static [C:/Users/KittyFox/Documents/GitHub/Projetk_Cyfr-wka_Terraria_Gra/rtl/Character/hearts_display.sv:73]
WARNING: [Synth 8-10180] variable 'hx_start' must explicitly be declared as automatic or static [C:/Users/KittyFox/Documents/GitHub/Projetk_Cyfr-wka_Terraria_Gra/rtl/Character/hearts_display.sv:85]
WARNING: [Synth 8-10180] variable 'hx_end' must explicitly be declared as automatic or static [C:/Users/KittyFox/Documents/GitHub/Projetk_Cyfr-wka_Terraria_Gra/rtl/Character/hearts_display.sv:86]
WARNING: [Synth 8-689] width (16) of port connection 'rom_addr' does not match port width (14) of module 'game_screen' [C:/Users/KittyFox/Documents/GitHub/Projetk_Cyfr-wka_Terraria_Gra/rtl/vga/top_vga.sv:158]
WARNING: [Synth 8-689] width (16) of port connection 'rom_addr' does not match port width (19) of module 'class_selector' [C:/Users/KittyFox/Documents/GitHub/Projetk_Cyfr-wka_Terraria_Gra/rtl/vga/top_vga.sv:176]
WARNING: [Synth 8-689] width (16) of port connection 'rom_addr_select' does not match port width (19) of module 'class_selector' [C:/Users/KittyFox/Documents/GitHub/Projetk_Cyfr-wka_Terraria_Gra/rtl/vga/top_vga.sv:177]
WARNING: [Synth 8-689] width (11) of port connection 'addr' does not match port width (16) of module 'read_rom__parameterized5' [C:/Users/KittyFox/Documents/GitHub/Projetk_Cyfr-wka_Terraria_Gra/rtl/Character/char.sv:60]
WARNING: [Synth 8-689] width (11) of port connection 'addr' does not match port width (16) of module 'read_rom__parameterized0' [C:/Users/KittyFox/Documents/GitHub/Projetk_Cyfr-wka_Terraria_Gra/rtl/Character/char.sv:69]
WARNING: [Synth 8-689] width (11) of port connection 'addr' does not match port width (16) of module 'read_rom' [C:/Users/KittyFox/Documents/GitHub/Projetk_Cyfr-wka_Terraria_Gra/rtl/Character/char.sv:78]
WARNING: [Synth 8-689] width (16) of port connection 'rom_addr' does not match port width (11) of module 'draw_player_2' [C:/Users/KittyFox/Documents/GitHub/Projetk_Cyfr-wka_Terraria_Gra/rtl/vga/top_vga.sv:282]
WARNING: [Synth 8-7071] port 'zpos' of module 'MouseCtl' is unconnected for instance 'u_MouseCtl' [C:/Users/KittyFox/Documents/GitHub/Projetk_Cyfr-wka_Terraria_Gra/rtl/vga/top_vga.sv:287]
WARNING: [Synth 8-7071] port 'middle' of module 'MouseCtl' is unconnected for instance 'u_MouseCtl' [C:/Users/KittyFox/Documents/GitHub/Projetk_Cyfr-wka_Terraria_Gra/rtl/vga/top_vga.sv:287]
WARNING: [Synth 8-7071] port 'right' of module 'MouseCtl' is unconnected for instance 'u_MouseCtl' [C:/Users/KittyFox/Documents/GitHub/Projetk_Cyfr-wka_Terraria_Gra/rtl/vga/top_vga.sv:287]
WARNING: [Synth 8-7071] port 'new_event' of module 'MouseCtl' is unconnected for instance 'u_MouseCtl' [C:/Users/KittyFox/Documents/GitHub/Projetk_Cyfr-wka_Terraria_Gra/rtl/vga/top_vga.sv:287]
WARNING: [Synth 8-7071] port 'value' of module 'MouseCtl' is unconnected for instance 'u_MouseCtl' [C:/Users/KittyFox/Documents/GitHub/Projetk_Cyfr-wka_Terraria_Gra/rtl/vga/top_vga.sv:287]
WARNING: [Synth 8-7071] port 'setx' of module 'MouseCtl' is unconnected for instance 'u_MouseCtl' [C:/Users/KittyFox/Documents/GitHub/Projetk_Cyfr-wka_Terraria_Gra/rtl/vga/top_vga.sv:287]
WARNING: [Synth 8-7071] port 'sety' of module 'MouseCtl' is unconnected for instance 'u_MouseCtl' [C:/Users/KittyFox/Documents/GitHub/Projetk_Cyfr-wka_Terraria_Gra/rtl/vga/top_vga.sv:287]
WARNING: [Synth 8-7071] port 'setmax_x' of module 'MouseCtl' is unconnected for instance 'u_MouseCtl' [C:/Users/KittyFox/Documents/GitHub/Projetk_Cyfr-wka_Terraria_Gra/rtl/vga/top_vga.sv:287]
WARNING: [Synth 8-7071] port 'setmax_y' of module 'MouseCtl' is unconnected for instance 'u_MouseCtl' [C:/Users/KittyFox/Documents/GitHub/Projetk_Cyfr-wka_Terraria_Gra/rtl/vga/top_vga.sv:287]
WARNING: [Synth 8-7023] instance 'u_MouseCtl' of module 'MouseCtl' has 16 connections declared, but only 7 given [C:/Users/KittyFox/Documents/GitHub/Projetk_Cyfr-wka_Terraria_Gra/rtl/vga/top_vga.sv:287]
WARNING: [Synth 8-6014] Unused sequential element melee_x_pos_reg was removed.  [C:/Users/KittyFox/Documents/GitHub/Projetk_Cyfr-wka_Terraria_Gra/rtl/Weapon/weapon_draw.sv:142]
WARNING: [Synth 8-6014] Unused sequential element vga_out\.vblnk_reg was removed.  [C:/Users/KittyFox/Documents/GitHub/Projetk_Cyfr-wka_Terraria_Gra/rtl/Weapon/weapon_draw.sv:222]
WARNING: [Synth 8-6014] Unused sequential element vga_out\.hblnk_reg was removed.  [C:/Users/KittyFox/Documents/GitHub/Projetk_Cyfr-wka_Terraria_Gra/rtl/Weapon/weapon_draw.sv:225]
WARNING: [Synth 8-6014] Unused sequential element vblnk_d1_reg was removed.  [C:/Users/KittyFox/Documents/GitHub/Projetk_Cyfr-wka_Terraria_Gra/rtl/Weapon/archer_projectile_draw.sv:192]
WARNING: [Synth 8-6014] Unused sequential element hblnk_d1_reg was removed.  [C:/Users/KittyFox/Documents/GitHub/Projetk_Cyfr-wka_Terraria_Gra/rtl/Weapon/archer_projectile_draw.sv:193]
WARNING: [Synth 8-6014] Unused sequential element abs_dx_reg was removed.  [C:/Users/KittyFox/Documents/GitHub/Projetk_Cyfr-wka_Terraria_Gra/rtl/Weapon/archer_projectile_animated.sv:128]
WARNING: [Synth 8-6014] Unused sequential element abs_dy_reg was removed.  [C:/Users/KittyFox/Documents/GitHub/Projetk_Cyfr-wka_Terraria_Gra/rtl/Weapon/archer_projectile_animated.sv:129]
WARNING: [Synth 8-7080] Parallel synthesis criteria is not met

----IMPLEMENTATION----
WARNING: [Route 35-447] Congestion is preventing the router from routing all nets. The router will prioritize the successful completion of routing all nets over timing optimizations.
WARNING: [Route 35-468] The router encountered 43 pins that are both setup-critical and hold-critical and tried to fix hold violations at the expense of setup slack. Such pins are:
WARNING: [Route 35-328] Router estimated timing not met.
CRITICAL WARNING: [Timing 38-282] The design failed to meet the timing requirements. Please see the timing summary report for details on the timing violations.
